[INFO ] 2017-04-17 14:54:58 Shop - Rented 1 sportEquipment=[id=25    title=hat        price=92         category=little    ] to customer=Customer : id=2     title=Peter     
rentUnit=
[id=1     title=sweater    price=1000       category=medium    ]
[id=25    title=hat        price=92         category=little    ]

[INFO ] 2017-04-17 14:54:58 Shop - Rented 3 sportEquipment=[id=1     title=coat       price=301        category=large     ] to customer=Customer : id=4     title=Paul      
rentUnit=
[id=3     title=jacket     price=1000       category=little    ]
[id=1     title=coat       price=301        category=large     ]
[id=1     title=coat       price=301        category=large     ]
[id=1     title=coat       price=301        category=large     ]

[INFO ] 2017-04-17 14:57:50 Shop - Rented 1 sportEquipment=[id=25    title=hat        price=92         category=little    ] to customer=Customer : id=2     title=Peter     
rentUnit=
[id=1     title=sweater    price=1000       category=medium    ]
[id=25    title=hat        price=92         category=little    ]

[INFO ] 2017-04-17 14:57:50 Shop - Rented 3 sportEquipment=[id=1     title=coat       price=301        category=large     ] to customer=Customer : id=4     title=Paul      
rentUnit=
[id=3     title=jacket     price=1000       category=little    ]
[id=1     title=coat       price=301        category=large     ]
[id=1     title=coat       price=301        category=large     ]
[id=1     title=coat       price=301        category=large     ]

[INFO ] 2017-04-17 15:01:06 Shop - Rented 1 sportEquipment=[id=25    title=hat        price=92         category=little    ] to customer=Customer : id=2     title=Peter     
rentUnit=
[id=1     title=sweater    price=1000       category=medium    ]
[id=25    title=hat        price=92         category=little    ]

[INFO ] 2017-04-17 15:01:06 Shop - Rented 3 sportEquipment=[id=1     title=coat       price=301        category=large     ] to customer=Customer : id=4     title=Paul      
rentUnit=
[id=3     title=jacket     price=1000       category=little    ]
[id=1     title=coat       price=301        category=large     ]
[id=1     title=coat       price=301        category=large     ]
[id=1     title=coat       price=301        category=large     ]

