[TRACE] 2017-04-25 21:21:58 Shop - Started rentSportEquipment() method with parameters : customerId=2 equipmentId=25 quantity=1
[TRACE] 2017-04-25 21:21:58 Shop - Checking for allowed quantity.Allowed is =3
[TRACE] 2017-04-25 21:21:58 Shop - Quantity is allowed
[TRACE] 2017-04-25 21:21:58 Shop - Finding sportEquipment by id=25
[TRACE] 2017-04-25 21:21:58 Shop - Checking for in Stock=1 asked quantity=1
[TRACE] 2017-04-25 21:21:58 Shop - Finding sportEquipment by id=25
[TRACE] 2017-04-25 21:21:58 Shop - Found sportEquipment=[id=25    title=hat        price=92         category=little    ]
[TRACE] 2017-04-25 21:21:58 Shop - Finding Customer by id=2
[TRACE] 2017-04-25 21:21:58 Shop - Found Customer=Customer : id=2     title=Peter     
rentUnit=
[id=1     title=sweater    price=1000       category=medium    ]

[TRACE] 2017-04-25 21:21:58 Shop - Finding customer's RentUnit
[TRACE] 2017-04-25 21:21:58 Shop - Found customer's RentUnit=[id=1     title=sweater    price=1000       category=medium    ]

[TRACE] 2017-04-25 21:21:58 Shop - Adding sportEquipment to customer's rentUnits.
[INFO ] 2017-04-25 21:21:58 Shop - Rented 1 sportEquipment=[id=25    title=hat        price=92         category=little    ] to customer=Customer : id=2     title=Peter     
rentUnit=
[id=1     title=sweater    price=1000       category=medium    ]
[id=25    title=hat        price=92         category=little    ]

[TRACE] 2017-04-25 21:21:58 Shop - Finished rentSportEquipment() method
[TRACE] 2017-04-25 21:21:58 Shop - Started rentSportEquipment() method with parameters : customerId=4 equipmentId=1 quantity=3
[TRACE] 2017-04-25 21:21:58 Shop - Checking for allowed quantity.Allowed is =3
[TRACE] 2017-04-25 21:21:58 Shop - Quantity is allowed
[TRACE] 2017-04-25 21:21:58 Shop - Finding sportEquipment by id=1
[TRACE] 2017-04-25 21:21:58 Shop - Checking for in Stock=7 asked quantity=3
[TRACE] 2017-04-25 21:21:58 Shop - Finding sportEquipment by id=1
[TRACE] 2017-04-25 21:21:58 Shop - Found sportEquipment=[id=1     title=coat       price=301        category=large     ]
[TRACE] 2017-04-25 21:21:58 Shop - Finding Customer by id=4
[TRACE] 2017-04-25 21:21:58 Shop - Found Customer=Customer : id=4     title=Paul      
rentUnit=
[id=3     title=jacket     price=1000       category=little    ]

[TRACE] 2017-04-25 21:21:58 Shop - Finding customer's RentUnit
[TRACE] 2017-04-25 21:21:58 Shop - Found customer's RentUnit=[id=3     title=jacket     price=1000       category=little    ]

[TRACE] 2017-04-25 21:21:58 Shop - Adding sportEquipment to customer's rentUnits.
[INFO ] 2017-04-25 21:21:58 Shop - Rented 3 sportEquipment=[id=1     title=coat       price=301        category=large     ] to customer=Customer : id=4     title=Paul      
rentUnit=
[id=3     title=jacket     price=1000       category=little    ]
[id=1     title=coat       price=301        category=large     ]
[id=1     title=coat       price=301        category=large     ]
[id=1     title=coat       price=301        category=large     ]

[TRACE] 2017-04-25 21:21:58 Shop - Finished rentSportEquipment() method
