[INFO ] 2017-04-17 14:54:58 Shop - Rented 1 sportEquipment=[id=25    title=hat        price=92         category=little    ] to customer=Customer : id=2     title=Peter     
rentUnit=
[id=1     title=sweater    price=1000       category=medium    ]
[id=25    title=hat        price=92         category=little    ]

[INFO ] 2017-04-17 14:54:58 Shop - Rented 3 sportEquipment=[id=1     title=coat       price=301        category=large     ] to customer=Customer : id=4     title=Paul      
rentUnit=
[id=3     title=jacket     price=1000       category=little    ]
[id=1     title=coat       price=301        category=large     ]
[id=1     title=coat       price=301        category=large     ]
[id=1     title=coat       price=301        category=large     ]

[INFO ] 2017-04-17 14:57:50 Shop - Rented 1 sportEquipment=[id=25    title=hat        price=92         category=little    ] to customer=Customer : id=2     title=Peter     
rentUnit=
[id=1     title=sweater    price=1000       category=medium    ]
[id=25    title=hat        price=92         category=little    ]

[INFO ] 2017-04-17 14:57:50 Shop - Rented 3 sportEquipment=[id=1     title=coat       price=301        category=large     ] to customer=Customer : id=4     title=Paul      
rentUnit=
[id=3     title=jacket     price=1000       category=little    ]
[id=1     title=coat       price=301        category=large     ]
[id=1     title=coat       price=301        category=large     ]
[id=1     title=coat       price=301        category=large     ]

[INFO ] 2017-04-17 15:01:06 Shop - Rented 1 sportEquipment=[id=25    title=hat        price=92         category=little    ] to customer=Customer : id=2     title=Peter     
rentUnit=
[id=1     title=sweater    price=1000       category=medium    ]
[id=25    title=hat        price=92         category=little    ]

[INFO ] 2017-04-17 15:01:06 Shop - Rented 3 sportEquipment=[id=1     title=coat       price=301        category=large     ] to customer=Customer : id=4     title=Paul      
rentUnit=
[id=3     title=jacket     price=1000       category=little    ]
[id=1     title=coat       price=301        category=large     ]
[id=1     title=coat       price=301        category=large     ]
[id=1     title=coat       price=301        category=large     ]

[INFO ] 2017-04-17 16:31:55 Shop - Rented 1 sportEquipment=[id=25    title=hat        price=92         category=little    ] to customer=Customer : id=2     title=Peter     
rentUnit=
[id=1     title=sweater    price=1000       category=medium    ]
[id=25    title=hat        price=92         category=little    ]

[ERROR] 2017-04-17 16:35:20 JsonDataReader - Cannot read data from file with path=/home/nikita/git/ntask/src/main/resouces/JsonGoods
java.io.FileNotFoundException: /home/nikita/git/ntask/src/main/resouces/JsonGoods (Нет такого файла или каталога)
	at java.io.FileInputStream.open0(Native Method) ~[?:1.8.0_91]
	at java.io.FileInputStream.open(FileInputStream.java:195) ~[?:1.8.0_91]
	at java.io.FileInputStream.<init>(FileInputStream.java:138) ~[?:1.8.0_91]
	at java.io.FileInputStream.<init>(FileInputStream.java:93) ~[?:1.8.0_91]
	at java.io.FileReader.<init>(FileReader.java:58) ~[?:1.8.0_91]
	at com.nikitachizhik91.logic.JsonDataReader.fromGoods(JsonDataReader.java:37) [classes/:?]
	at com.nikitachizhik91.logic.Shop.<init>(Shop.java:28) [classes/:?]
	at com.nikitachizhik91.logic.Main.main(Main.java:18) [classes/:?]
[INFO ] 2017-04-17 16:36:21 Shop - Rented 1 sportEquipment=[id=25    title=hat        price=92         category=little    ] to customer=Customer : id=2     title=Peter     
rentUnit=
[id=1     title=sweater    price=1000       category=medium    ]
[id=25    title=hat        price=92         category=little    ]

[INFO ] 2017-04-17 16:37:39 Shop - Rented 1 sportEquipment=[id=25    title=hat        price=92         category=little    ] to customer=Customer : id=2     title=Peter     
rentUnit=
[id=1     title=sweater    price=1000       category=medium    ]
[id=25    title=hat        price=92         category=little    ]

[INFO ] 2017-04-17 16:40:59 Shop - Rented 1 sportEquipment=[id=25    title=hat        price=92         category=little    ] to customer=Customer : id=2     title=Peter     
rentUnit=
[id=1     title=sweater    price=1000       category=medium    ]
[id=25    title=hat        price=92         category=little    ]

[INFO ] 2017-04-17 16:40:59 Shop - Rented 3 sportEquipment=[id=1     title=coat       price=301        category=large     ] to customer=Customer : id=4     title=Paul      
rentUnit=
[id=3     title=jacket     price=1000       category=little    ]
[id=1     title=coat       price=301        category=large     ]
[id=1     title=coat       price=301        category=large     ]
[id=1     title=coat       price=301        category=large     ]

