[TRACE] 2017-04-17 14:54:58 Shop - Started rentSportEquipment() method with parameters : customerId=2 equipmentId=25 quantity=1
[TRACE] 2017-04-17 14:54:58 Shop - Checking for allowed quantity.Allowed is =3
[TRACE] 2017-04-17 14:54:58 Shop - Quantity is allowed
[TRACE] 2017-04-17 14:54:58 Shop - Finding sportEquipment by id=25
[TRACE] 2017-04-17 14:54:58 Shop - Checking for in Stock=1 asked quantity=1
[TRACE] 2017-04-17 14:54:58 Shop - Finding sportEquipment by id=25
[TRACE] 2017-04-17 14:54:58 Shop - Found sportEquipment=[id=25    title=hat        price=92         category=little    ]
[TRACE] 2017-04-17 14:54:58 Shop - Finding Customer by id=2
[TRACE] 2017-04-17 14:54:58 Shop - Found Customer=Customer : id=2     title=Peter     
rentUnit=
[id=1     title=sweater    price=1000       category=medium    ]

[TRACE] 2017-04-17 14:54:58 Shop - Finding customer's RentUnit
[TRACE] 2017-04-17 14:54:58 Shop - Found customer's RentUnit=[id=1     title=sweater    price=1000       category=medium    ]

[TRACE] 2017-04-17 14:54:58 Shop - Adding sportEquipment to customer's rentUnits.
[INFO ] 2017-04-17 14:54:58 Shop - Rented 1 sportEquipment=[id=25    title=hat        price=92         category=little    ] to customer=Customer : id=2     title=Peter     
rentUnit=
[id=1     title=sweater    price=1000       category=medium    ]
[id=25    title=hat        price=92         category=little    ]

[TRACE] 2017-04-17 14:54:58 Shop - Finished rentSportEquipment() method
[TRACE] 2017-04-17 14:54:58 Shop - Started rentSportEquipment() method with parameters : customerId=4 equipmentId=1 quantity=3
[TRACE] 2017-04-17 14:54:58 Shop - Checking for allowed quantity.Allowed is =3
[TRACE] 2017-04-17 14:54:58 Shop - Quantity is allowed
[TRACE] 2017-04-17 14:54:58 Shop - Finding sportEquipment by id=1
[TRACE] 2017-04-17 14:54:58 Shop - Checking for in Stock=7 asked quantity=3
[TRACE] 2017-04-17 14:54:58 Shop - Finding sportEquipment by id=1
[TRACE] 2017-04-17 14:54:58 Shop - Found sportEquipment=[id=1     title=coat       price=301        category=large     ]
[TRACE] 2017-04-17 14:54:58 Shop - Finding Customer by id=4
[TRACE] 2017-04-17 14:54:58 Shop - Found Customer=Customer : id=4     title=Paul      
rentUnit=
[id=3     title=jacket     price=1000       category=little    ]

[TRACE] 2017-04-17 14:54:58 Shop - Finding customer's RentUnit
[TRACE] 2017-04-17 14:54:58 Shop - Found customer's RentUnit=[id=3     title=jacket     price=1000       category=little    ]

[TRACE] 2017-04-17 14:54:58 Shop - Adding sportEquipment to customer's rentUnits.
[INFO ] 2017-04-17 14:54:58 Shop - Rented 3 sportEquipment=[id=1     title=coat       price=301        category=large     ] to customer=Customer : id=4     title=Paul      
rentUnit=
[id=3     title=jacket     price=1000       category=little    ]
[id=1     title=coat       price=301        category=large     ]
[id=1     title=coat       price=301        category=large     ]
[id=1     title=coat       price=301        category=large     ]

[TRACE] 2017-04-17 14:54:58 Shop - Finished rentSportEquipment() method
[TRACE] 2017-04-17 14:57:50 Shop - Started rentSportEquipment() method with parameters : customerId=2 equipmentId=25 quantity=1
[TRACE] 2017-04-17 14:57:50 Shop - Checking for allowed quantity.Allowed is =3
[TRACE] 2017-04-17 14:57:50 Shop - Quantity is allowed
[TRACE] 2017-04-17 14:57:50 Shop - Finding sportEquipment by id=25
[TRACE] 2017-04-17 14:57:50 Shop - Checking for in Stock=1 asked quantity=1
[TRACE] 2017-04-17 14:57:50 Shop - Finding sportEquipment by id=25
[TRACE] 2017-04-17 14:57:50 Shop - Found sportEquipment=[id=25    title=hat        price=92         category=little    ]
[TRACE] 2017-04-17 14:57:50 Shop - Finding Customer by id=2
[TRACE] 2017-04-17 14:57:50 Shop - Found Customer=Customer : id=2     title=Peter     
rentUnit=
[id=1     title=sweater    price=1000       category=medium    ]

[TRACE] 2017-04-17 14:57:50 Shop - Finding customer's RentUnit
[TRACE] 2017-04-17 14:57:50 Shop - Found customer's RentUnit=[id=1     title=sweater    price=1000       category=medium    ]

[TRACE] 2017-04-17 14:57:50 Shop - Adding sportEquipment to customer's rentUnits.
[INFO ] 2017-04-17 14:57:50 Shop - Rented 1 sportEquipment=[id=25    title=hat        price=92         category=little    ] to customer=Customer : id=2     title=Peter     
rentUnit=
[id=1     title=sweater    price=1000       category=medium    ]
[id=25    title=hat        price=92         category=little    ]

[TRACE] 2017-04-17 14:57:50 Shop - Finished rentSportEquipment() method
[TRACE] 2017-04-17 14:57:50 Shop - Started rentSportEquipment() method with parameters : customerId=4 equipmentId=1 quantity=3
[TRACE] 2017-04-17 14:57:50 Shop - Checking for allowed quantity.Allowed is =3
[TRACE] 2017-04-17 14:57:50 Shop - Quantity is allowed
[TRACE] 2017-04-17 14:57:50 Shop - Finding sportEquipment by id=1
[TRACE] 2017-04-17 14:57:50 Shop - Checking for in Stock=7 asked quantity=3
[TRACE] 2017-04-17 14:57:50 Shop - Finding sportEquipment by id=1
[TRACE] 2017-04-17 14:57:50 Shop - Found sportEquipment=[id=1     title=coat       price=301        category=large     ]
[TRACE] 2017-04-17 14:57:50 Shop - Finding Customer by id=4
[TRACE] 2017-04-17 14:57:50 Shop - Found Customer=Customer : id=4     title=Paul      
rentUnit=
[id=3     title=jacket     price=1000       category=little    ]

[TRACE] 2017-04-17 14:57:50 Shop - Finding customer's RentUnit
[TRACE] 2017-04-17 14:57:50 Shop - Found customer's RentUnit=[id=3     title=jacket     price=1000       category=little    ]

[TRACE] 2017-04-17 14:57:50 Shop - Adding sportEquipment to customer's rentUnits.
[INFO ] 2017-04-17 14:57:50 Shop - Rented 3 sportEquipment=[id=1     title=coat       price=301        category=large     ] to customer=Customer : id=4     title=Paul      
rentUnit=
[id=3     title=jacket     price=1000       category=little    ]
[id=1     title=coat       price=301        category=large     ]
[id=1     title=coat       price=301        category=large     ]
[id=1     title=coat       price=301        category=large     ]

[TRACE] 2017-04-17 14:57:50 Shop - Finished rentSportEquipment() method
[TRACE] 2017-04-17 15:01:06 Shop - Started rentSportEquipment() method with parameters : customerId=2 equipmentId=25 quantity=1
[TRACE] 2017-04-17 15:01:06 Shop - Checking for allowed quantity.Allowed is =3
[TRACE] 2017-04-17 15:01:06 Shop - Quantity is allowed
[TRACE] 2017-04-17 15:01:06 Shop - Finding sportEquipment by id=25
[TRACE] 2017-04-17 15:01:06 Shop - Checking for in Stock=1 asked quantity=1
[TRACE] 2017-04-17 15:01:06 Shop - Finding sportEquipment by id=25
[TRACE] 2017-04-17 15:01:06 Shop - Found sportEquipment=[id=25    title=hat        price=92         category=little    ]
[TRACE] 2017-04-17 15:01:06 Shop - Finding Customer by id=2
[TRACE] 2017-04-17 15:01:06 Shop - Found Customer=Customer : id=2     title=Peter     
rentUnit=
[id=1     title=sweater    price=1000       category=medium    ]

[TRACE] 2017-04-17 15:01:06 Shop - Finding customer's RentUnit
[TRACE] 2017-04-17 15:01:06 Shop - Found customer's RentUnit=[id=1     title=sweater    price=1000       category=medium    ]

[TRACE] 2017-04-17 15:01:06 Shop - Adding sportEquipment to customer's rentUnits.
[INFO ] 2017-04-17 15:01:06 Shop - Rented 1 sportEquipment=[id=25    title=hat        price=92         category=little    ] to customer=Customer : id=2     title=Peter     
rentUnit=
[id=1     title=sweater    price=1000       category=medium    ]
[id=25    title=hat        price=92         category=little    ]

[TRACE] 2017-04-17 15:01:06 Shop - Finished rentSportEquipment() method
[TRACE] 2017-04-17 15:01:06 Shop - Started rentSportEquipment() method with parameters : customerId=4 equipmentId=1 quantity=3
[TRACE] 2017-04-17 15:01:06 Shop - Checking for allowed quantity.Allowed is =3
[TRACE] 2017-04-17 15:01:06 Shop - Quantity is allowed
[TRACE] 2017-04-17 15:01:06 Shop - Finding sportEquipment by id=1
[TRACE] 2017-04-17 15:01:06 Shop - Checking for in Stock=7 asked quantity=3
[TRACE] 2017-04-17 15:01:06 Shop - Finding sportEquipment by id=1
[TRACE] 2017-04-17 15:01:06 Shop - Found sportEquipment=[id=1     title=coat       price=301        category=large     ]
[TRACE] 2017-04-17 15:01:06 Shop - Finding Customer by id=4
[TRACE] 2017-04-17 15:01:06 Shop - Found Customer=Customer : id=4     title=Paul      
rentUnit=
[id=3     title=jacket     price=1000       category=little    ]

[TRACE] 2017-04-17 15:01:06 Shop - Finding customer's RentUnit
[TRACE] 2017-04-17 15:01:06 Shop - Found customer's RentUnit=[id=3     title=jacket     price=1000       category=little    ]

[TRACE] 2017-04-17 15:01:06 Shop - Adding sportEquipment to customer's rentUnits.
[INFO ] 2017-04-17 15:01:06 Shop - Rented 3 sportEquipment=[id=1     title=coat       price=301        category=large     ] to customer=Customer : id=4     title=Paul      
rentUnit=
[id=3     title=jacket     price=1000       category=little    ]
[id=1     title=coat       price=301        category=large     ]
[id=1     title=coat       price=301        category=large     ]
[id=1     title=coat       price=301        category=large     ]

[TRACE] 2017-04-17 15:01:06 Shop - Finished rentSportEquipment() method
[TRACE] 2017-04-17 16:31:55 Shop - Started rentSportEquipment() method with parameters : customerId=2 equipmentId=25 quantity=1
[TRACE] 2017-04-17 16:31:55 Shop - Checking for allowed quantity.Allowed is =3
[TRACE] 2017-04-17 16:31:55 Shop - Quantity is allowed
[TRACE] 2017-04-17 16:31:55 Shop - Finding sportEquipment by id=25
[TRACE] 2017-04-17 16:31:55 Shop - Checking for in Stock=1 asked quantity=1
[TRACE] 2017-04-17 16:31:55 Shop - Finding sportEquipment by id=25
[TRACE] 2017-04-17 16:31:55 Shop - Found sportEquipment=[id=25    title=hat        price=92         category=little    ]
[TRACE] 2017-04-17 16:31:55 Shop - Finding Customer by id=2
[TRACE] 2017-04-17 16:31:55 Shop - Found Customer=Customer : id=2     title=Peter     
rentUnit=
[id=1     title=sweater    price=1000       category=medium    ]

[TRACE] 2017-04-17 16:31:55 Shop - Finding customer's RentUnit
[TRACE] 2017-04-17 16:31:55 Shop - Found customer's RentUnit=[id=1     title=sweater    price=1000       category=medium    ]

[TRACE] 2017-04-17 16:31:55 Shop - Adding sportEquipment to customer's rentUnits.
[INFO ] 2017-04-17 16:31:55 Shop - Rented 1 sportEquipment=[id=25    title=hat        price=92         category=little    ] to customer=Customer : id=2     title=Peter     
rentUnit=
[id=1     title=sweater    price=1000       category=medium    ]
[id=25    title=hat        price=92         category=little    ]

[TRACE] 2017-04-17 16:31:55 Shop - Finished rentSportEquipment() method
[TRACE] 2017-04-17 16:31:55 Shop - Started rentSportEquipment() method with parameters : customerId=4 equipmentId=11 quantity=3
[TRACE] 2017-04-17 16:31:55 Shop - Checking for allowed quantity.Allowed is =3
[TRACE] 2017-04-17 16:31:55 Shop - Quantity is allowed
[TRACE] 2017-04-17 16:31:55 Shop - Finding sportEquipment by id=11
[TRACE] 2017-04-17 16:31:55 Shop - Checking for in Stock=1 asked quantity=3
[ERROR] 2017-04-17 16:35:20 JsonDataReader - Cannot read data from file with path=/home/nikita/git/ntask/src/main/resouces/JsonGoods
java.io.FileNotFoundException: /home/nikita/git/ntask/src/main/resouces/JsonGoods (Нет такого файла или каталога)
	at java.io.FileInputStream.open0(Native Method) ~[?:1.8.0_91]
	at java.io.FileInputStream.open(FileInputStream.java:195) ~[?:1.8.0_91]
	at java.io.FileInputStream.<init>(FileInputStream.java:138) ~[?:1.8.0_91]
	at java.io.FileInputStream.<init>(FileInputStream.java:93) ~[?:1.8.0_91]
	at java.io.FileReader.<init>(FileReader.java:58) ~[?:1.8.0_91]
	at com.nikitachizhik91.logic.JsonDataReader.fromGoods(JsonDataReader.java:37) [classes/:?]
	at com.nikitachizhik91.logic.Shop.<init>(Shop.java:28) [classes/:?]
	at com.nikitachizhik91.logic.Main.main(Main.java:18) [classes/:?]
[TRACE] 2017-04-17 16:36:21 Shop - Started rentSportEquipment() method with parameters : customerId=2 equipmentId=25 quantity=1
[TRACE] 2017-04-17 16:36:21 Shop - Checking for allowed quantity.Allowed is =3
[TRACE] 2017-04-17 16:36:21 Shop - Quantity is allowed
[TRACE] 2017-04-17 16:36:21 Shop - Finding sportEquipment by id=25
[TRACE] 2017-04-17 16:36:21 Shop - Checking for in Stock=1 asked quantity=1
[TRACE] 2017-04-17 16:36:21 Shop - Finding sportEquipment by id=25
[TRACE] 2017-04-17 16:36:21 Shop - Found sportEquipment=[id=25    title=hat        price=92         category=little    ]
[TRACE] 2017-04-17 16:36:21 Shop - Finding Customer by id=2
[TRACE] 2017-04-17 16:36:21 Shop - Found Customer=Customer : id=2     title=Peter     
rentUnit=
[id=1     title=sweater    price=1000       category=medium    ]

[TRACE] 2017-04-17 16:36:21 Shop - Finding customer's RentUnit
[TRACE] 2017-04-17 16:36:21 Shop - Found customer's RentUnit=[id=1     title=sweater    price=1000       category=medium    ]

[TRACE] 2017-04-17 16:36:21 Shop - Adding sportEquipment to customer's rentUnits.
[INFO ] 2017-04-17 16:36:21 Shop - Rented 1 sportEquipment=[id=25    title=hat        price=92         category=little    ] to customer=Customer : id=2     title=Peter     
rentUnit=
[id=1     title=sweater    price=1000       category=medium    ]
[id=25    title=hat        price=92         category=little    ]

[TRACE] 2017-04-17 16:36:21 Shop - Finished rentSportEquipment() method
[TRACE] 2017-04-17 16:36:21 Shop - Started rentSportEquipment() method with parameters : customerId=4 equipmentId=11 quantity=3
[TRACE] 2017-04-17 16:36:21 Shop - Checking for allowed quantity.Allowed is =3
[TRACE] 2017-04-17 16:36:21 Shop - Quantity is allowed
[TRACE] 2017-04-17 16:36:21 Shop - Finding sportEquipment by id=11
[TRACE] 2017-04-17 16:36:21 Shop - Checking for in Stock=1 asked quantity=3
[TRACE] 2017-04-17 16:37:39 Shop - Started rentSportEquipment() method with parameters : customerId=2 equipmentId=25 quantity=1
[TRACE] 2017-04-17 16:37:39 Shop - Checking for allowed quantity.Allowed is =3
[TRACE] 2017-04-17 16:37:39 Shop - Quantity is allowed
[TRACE] 2017-04-17 16:37:39 Shop - Finding sportEquipment by id=25
[TRACE] 2017-04-17 16:37:39 Shop - Checking for in Stock=1 asked quantity=1
[TRACE] 2017-04-17 16:37:39 Shop - Finding sportEquipment by id=25
[TRACE] 2017-04-17 16:37:39 Shop - Found sportEquipment=[id=25    title=hat        price=92         category=little    ]
[TRACE] 2017-04-17 16:37:39 Shop - Finding Customer by id=2
[TRACE] 2017-04-17 16:37:39 Shop - Found Customer=Customer : id=2     title=Peter     
rentUnit=
[id=1     title=sweater    price=1000       category=medium    ]

[TRACE] 2017-04-17 16:37:39 Shop - Finding customer's RentUnit
[TRACE] 2017-04-17 16:37:39 Shop - Found customer's RentUnit=[id=1     title=sweater    price=1000       category=medium    ]

[TRACE] 2017-04-17 16:37:39 Shop - Adding sportEquipment to customer's rentUnits.
[INFO ] 2017-04-17 16:37:39 Shop - Rented 1 sportEquipment=[id=25    title=hat        price=92         category=little    ] to customer=Customer : id=2     title=Peter     
rentUnit=
[id=1     title=sweater    price=1000       category=medium    ]
[id=25    title=hat        price=92         category=little    ]

[TRACE] 2017-04-17 16:37:39 Shop - Finished rentSportEquipment() method
[TRACE] 2017-04-17 16:37:39 Shop - Started rentSportEquipment() method with parameters : customerId=4 equipmentId=11 quantity=3
[TRACE] 2017-04-17 16:37:39 Shop - Checking for allowed quantity.Allowed is =3
[TRACE] 2017-04-17 16:37:39 Shop - Quantity is allowed
[TRACE] 2017-04-17 16:37:39 Shop - Finding sportEquipment by id=11
[TRACE] 2017-04-17 16:37:39 Shop - Checking for in Stock=1 asked quantity=3
[TRACE] 2017-04-17 16:40:59 Shop - Started rentSportEquipment() method with parameters : customerId=2 equipmentId=25 quantity=1
[TRACE] 2017-04-17 16:40:59 Shop - Checking for allowed quantity.Allowed is =3
[TRACE] 2017-04-17 16:40:59 Shop - Quantity is allowed
[TRACE] 2017-04-17 16:40:59 Shop - Finding sportEquipment by id=25
[TRACE] 2017-04-17 16:40:59 Shop - Checking for in Stock=1 asked quantity=1
[TRACE] 2017-04-17 16:40:59 Shop - Finding sportEquipment by id=25
[TRACE] 2017-04-17 16:40:59 Shop - Found sportEquipment=[id=25    title=hat        price=92         category=little    ]
[TRACE] 2017-04-17 16:40:59 Shop - Finding Customer by id=2
[TRACE] 2017-04-17 16:40:59 Shop - Found Customer=Customer : id=2     title=Peter     
rentUnit=
[id=1     title=sweater    price=1000       category=medium    ]

[TRACE] 2017-04-17 16:40:59 Shop - Finding customer's RentUnit
[TRACE] 2017-04-17 16:40:59 Shop - Found customer's RentUnit=[id=1     title=sweater    price=1000       category=medium    ]

[TRACE] 2017-04-17 16:40:59 Shop - Adding sportEquipment to customer's rentUnits.
[INFO ] 2017-04-17 16:40:59 Shop - Rented 1 sportEquipment=[id=25    title=hat        price=92         category=little    ] to customer=Customer : id=2     title=Peter     
rentUnit=
[id=1     title=sweater    price=1000       category=medium    ]
[id=25    title=hat        price=92         category=little    ]

[TRACE] 2017-04-17 16:40:59 Shop - Finished rentSportEquipment() method
[TRACE] 2017-04-17 16:40:59 Shop - Started rentSportEquipment() method with parameters : customerId=4 equipmentId=1 quantity=3
[TRACE] 2017-04-17 16:40:59 Shop - Checking for allowed quantity.Allowed is =3
[TRACE] 2017-04-17 16:40:59 Shop - Quantity is allowed
[TRACE] 2017-04-17 16:40:59 Shop - Finding sportEquipment by id=1
[TRACE] 2017-04-17 16:40:59 Shop - Checking for in Stock=7 asked quantity=3
[TRACE] 2017-04-17 16:40:59 Shop - Finding sportEquipment by id=1
[TRACE] 2017-04-17 16:40:59 Shop - Found sportEquipment=[id=1     title=coat       price=301        category=large     ]
[TRACE] 2017-04-17 16:40:59 Shop - Finding Customer by id=4
[TRACE] 2017-04-17 16:40:59 Shop - Found Customer=Customer : id=4     title=Paul      
rentUnit=
[id=3     title=jacket     price=1000       category=little    ]

[TRACE] 2017-04-17 16:40:59 Shop - Finding customer's RentUnit
[TRACE] 2017-04-17 16:40:59 Shop - Found customer's RentUnit=[id=3     title=jacket     price=1000       category=little    ]

[TRACE] 2017-04-17 16:40:59 Shop - Adding sportEquipment to customer's rentUnits.
[INFO ] 2017-04-17 16:40:59 Shop - Rented 3 sportEquipment=[id=1     title=coat       price=301        category=large     ] to customer=Customer : id=4     title=Paul      
rentUnit=
[id=3     title=jacket     price=1000       category=little    ]
[id=1     title=coat       price=301        category=large     ]
[id=1     title=coat       price=301        category=large     ]
[id=1     title=coat       price=301        category=large     ]

[TRACE] 2017-04-17 16:40:59 Shop - Finished rentSportEquipment() method
